e:\objdetect using\haar\x64\debug\qrc_haar.obj
e:\objdetect using\haar\x64\debug\moc_haar.obj
e:\objdetect using\haar\x64\debug\vc143.pdb
e:\objdetect using\haar\x64\debug\main.obj
e:\objdetect using\haar\x64\debug\haar.obj
e:\objdetect using\haar\x64\debug\uic\ui_haar.h
e:\objdetect using\haar\x64\debug\rcc\qrc_haar.cpp
e:\objdetect using\haar\x64\debug\moc\moc_haar.cpp
e:\objdetect using\haar\x64\debug\haar.exe
e:\objdetect using\haar\x64\debug\haar.ilk
e:\objdetect using\haar\x64\debug\haar.pdb
e:\objdetect using\haar\x64\debug\haar.tlog\cl.command.1.tlog
e:\objdetect using\haar\x64\debug\haar.tlog\cl.read.1.tlog
e:\objdetect using\haar\x64\debug\haar.tlog\cl.write.1.tlog
e:\objdetect using\haar\x64\debug\haar.tlog\haar.write.1u.tlog
e:\objdetect using\haar\x64\debug\haar.tlog\link.command.1.tlog
e:\objdetect using\haar\x64\debug\haar.tlog\link.read.1.tlog
e:\objdetect using\haar\x64\debug\haar.tlog\link.write.1.tlog
e:\objdetect using\haar\x64\debug\haar.tlog\moc.read.1u.tlog
e:\objdetect using\haar\x64\debug\haar.tlog\moc.write.1u.tlog
e:\objdetect using\haar\x64\debug\haar.tlog\rcc.read.1u.tlog
e:\objdetect using\haar\x64\debug\haar.tlog\rcc.write.1u.tlog
e:\objdetect using\haar\x64\debug\haar.tlog\uic.read.1u.tlog
e:\objdetect using\haar\x64\debug\haar.tlog\uic.write.1u.tlog
